#
# There is insufficient memory for the Java Runtime Environment to continue.
# Native memory allocation (malloc) failed to allocate 32744 bytes for ChunkPool::allocate
# Possible reasons:
#   The system is out of physical RAM or swap space
#   In 32 bit mode, the process size limit was hit
# Possible solutions:
#   Reduce memory load on the system
#   Increase physical memory or swap space
#   Check if swap backing store is full
#   Use 64 bit Java on a 64 bit OS
#   Decrease Java heap size (-Xmx/-Xms)
#   Decrease number of Java threads
#   Decrease Java thread stack sizes (-Xss)
#   Set larger code cache with -XX:ReservedCodeCacheSize=
# This output file may be truncated or incomplete.
#
#  Out of Memory Error (allocation.cpp:273), pid=6248, tid=0x0000000000001628
#
# JRE version: Java(TM) SE Runtime Environment (8.0_101-b13) (build 1.8.0_101-b13)
# Java VM: Java HotSpot(TM) 64-Bit Server VM (25.101-b13 mixed mode windows-amd64 compressed oops)
# Failed to write core dump. Minidumps are not enabled by default on client versions of Windows
#

---------------  T H R E A D  ---------------

Current thread (0x0000000019434000):  JavaThread "C1 CompilerThread2" daemon [_thread_in_native, id=5672, stack(0x0000000019da0000,0x0000000019ea0000)]

Stack: [0x0000000019da0000,0x0000000019ea0000]
[error occurred during error reporting (printing stack bounds), id 0xc0000005]

Native frames: (J=compiled Java code, j=interpreted, Vv=VM code, C=native code)


Current CompileTask:
C1: 208962 5624       1       java.text.SimpleDateFormat::subFormat (1260 bytes)


---------------  P R O C E S S  ---------------

Java Threads: ( => current thread )
  0x000000001e182800 JavaThread "DestroyJavaVM" [_thread_blocked, id=10476, stack(0x0000000002ad0000,0x0000000002bd0000)]
  0x000000001e187000 JavaThread "http-nio-7001-AsyncTimeout" daemon [_thread_blocked, id=11180, stack(0x0000000023e70000,0x0000000023f70000)]
  0x000000001e186000 JavaThread "http-nio-7001-Acceptor-0" daemon [_thread_in_native, id=9040, stack(0x0000000023d70000,0x0000000023e70000)]
  0x000000001e184000 JavaThread "http-nio-7001-ClientPoller-1" daemon [_thread_in_native, id=1508, stack(0x0000000023c70000,0x0000000023d70000)]
  0x000000001e189000 JavaThread "http-nio-7001-ClientPoller-0" daemon [_thread_in_native, id=3012, stack(0x0000000023b70000,0x0000000023c70000)]
  0x000000001e187800 JavaThread "http-nio-7001-exec-10" daemon [_thread_blocked, id=3420, stack(0x0000000023a70000,0x0000000023b70000)]
  0x000000001e184800 JavaThread "http-nio-7001-exec-9" daemon [_thread_blocked, id=6324, stack(0x0000000023970000,0x0000000023a70000)]
  0x000000001e185800 JavaThread "http-nio-7001-exec-8" daemon [_thread_blocked, id=12788, stack(0x0000000023870000,0x0000000023970000)]
  0x000000001e188800 JavaThread "http-nio-7001-exec-7" daemon [_thread_blocked, id=11884, stack(0x0000000023770000,0x0000000023870000)]
  0x000000001e133000 JavaThread "http-nio-7001-exec-6" daemon [_thread_blocked, id=12488, stack(0x0000000023670000,0x0000000023770000)]
  0x000000001e134000 JavaThread "http-nio-7001-exec-5" daemon [_thread_blocked, id=2212, stack(0x0000000023570000,0x0000000023670000)]
  0x000000001e132800 JavaThread "http-nio-7001-exec-4" daemon [_thread_blocked, id=10280, stack(0x0000000023470000,0x0000000023570000)]
  0x000000001e138800 JavaThread "http-nio-7001-exec-3" daemon [_thread_blocked, id=9156, stack(0x0000000023370000,0x0000000023470000)]
  0x000000001e137800 JavaThread "http-nio-7001-exec-2" daemon [_thread_blocked, id=13216, stack(0x0000000023270000,0x0000000023370000)]
  0x000000001e131000 JavaThread "http-nio-7001-exec-1" daemon [_thread_blocked, id=5664, stack(0x0000000023170000,0x0000000023270000)]
  0x000000001e137000 JavaThread "NioBlockingSelector.BlockPoller-1" daemon [_thread_in_native, id=1740, stack(0x0000000023070000,0x0000000023170000)]
  0x000000001e134800 JavaThread "Eureka-CacheFillTimer" daemon [_thread_blocked, id=11100, stack(0x0000000022d70000,0x0000000022e70000)]
  0x000000001e131800 JavaThread "Eureka-PeerNodesUpdater" daemon [_thread_blocked, id=3736, stack(0x0000000022c70000,0x0000000022d70000)]
  0x000000001e136000 JavaThread "TaskNonBatchingWorker-eureka7002.com-0" daemon [_thread_blocked, id=4652, stack(0x0000000022b70000,0x0000000022c70000)]
  0x000000001e135800 JavaThread "TaskAcceptor-eureka7002.com" daemon [_thread_blocked, id=10468, stack(0x0000000022a70000,0x0000000022b70000)]
  0x000000001e129800 JavaThread "TaskBatchingWorker-target_eureka7002.com-19" daemon [_thread_blocked, id=12356, stack(0x0000000022970000,0x0000000022a70000)]
  0x000000001e12e000 JavaThread "TaskBatchingWorker-target_eureka7002.com-18" daemon [_thread_blocked, id=11840, stack(0x0000000022870000,0x0000000022970000)]
  0x000000001e130000 JavaThread "TaskBatchingWorker-target_eureka7002.com-17" daemon [_thread_blocked, id=10968, stack(0x0000000022770000,0x0000000022870000)]
  0x000000001e12d000 JavaThread "TaskBatchingWorker-target_eureka7002.com-16" daemon [_thread_blocked, id=10872, stack(0x0000000022670000,0x0000000022770000)]
  0x000000001e12f800 JavaThread "TaskBatchingWorker-target_eureka7002.com-15" daemon [_thread_blocked, id=1388, stack(0x0000000022570000,0x0000000022670000)]
  0x000000001e12a000 JavaThread "TaskBatchingWorker-target_eureka7002.com-14" daemon [_thread_blocked, id=3168, stack(0x0000000022470000,0x0000000022570000)]
  0x000000001e12e800 JavaThread "TaskBatchingWorker-target_eureka7002.com-13" daemon [_thread_blocked, id=11424, stack(0x0000000022370000,0x0000000022470000)]
  0x000000001e12c800 JavaThread "TaskBatchingWorker-target_eureka7002.com-12" daemon [_thread_blocked, id=12868, stack(0x0000000022270000,0x0000000022370000)]
  0x000000001e12b800 JavaThread "TaskBatchingWorker-target_eureka7002.com-11" daemon [_thread_blocked, id=11936, stack(0x0000000022170000,0x0000000022270000)]
  0x000000001e12b000 JavaThread "TaskBatchingWorker-target_eureka7002.com-10" daemon [_thread_blocked, id=1064, stack(0x0000000022070000,0x0000000022170000)]
  0x000000001e10b800 JavaThread "TaskBatchingWorker-target_eureka7002.com-9" daemon [_thread_blocked, id=9136, stack(0x0000000021f70000,0x0000000022070000)]
  0x000000001e107000 JavaThread "TaskBatchingWorker-target_eureka7002.com-8" daemon [_thread_blocked, id=4524, stack(0x0000000021e70000,0x0000000021f70000)]
  0x000000001e10b000 JavaThread "TaskBatchingWorker-target_eureka7002.com-7" daemon [_thread_blocked, id=11856, stack(0x0000000021d70000,0x0000000021e70000)]
  0x000000001e10a000 JavaThread "TaskBatchingWorker-target_eureka7002.com-6" daemon [_thread_blocked, id=12676, stack(0x0000000021c70000,0x0000000021d70000)]
  0x000000001e109800 JavaThread "TaskBatchingWorker-target_eureka7002.com-5" daemon [_thread_blocked, id=10892, stack(0x0000000021b70000,0x0000000021c70000)]
  0x000000001e108800 JavaThread "TaskBatchingWorker-target_eureka7002.com-4" daemon [_thread_blocked, id=992, stack(0x0000000021a70000,0x0000000021b70000)]
  0x000000001e10c800 JavaThread "TaskBatchingWorker-target_eureka7002.com-3" daemon [_thread_blocked, id=9952, stack(0x0000000021970000,0x0000000021a70000)]
  0x000000001e108000 JavaThread "TaskBatchingWorker-target_eureka7002.com-2" daemon [_thread_blocked, id=10288, stack(0x0000000021870000,0x0000000021970000)]
  0x000000001e0ff800 JavaThread "TaskBatchingWorker-target_eureka7002.com-1" daemon [_thread_blocked, id=2044, stack(0x0000000021770000,0x0000000021870000)]
  0x000000001e105000 JavaThread "TaskBatchingWorker-target_eureka7002.com-0" daemon [_thread_blocked, id=11384, stack(0x0000000021670000,0x0000000021770000)]
  0x000000001e103800 JavaThread "TaskAcceptor-target_eureka7002.com" daemon [_thread_blocked, id=10700, stack(0x0000000021570000,0x0000000021670000)]
  0x000000001e102000 JavaThread "Eureka-JerseyClient-Conn-Cleaner2" daemon [_thread_blocked, id=4436, stack(0x0000000021470000,0x0000000021570000)]
  0x000000001e102800 JavaThread "TaskNonBatchingWorker-eureka7003.com-0" daemon [_thread_blocked, id=12904, stack(0x0000000021370000,0x0000000021470000)]
  0x000000001e106800 JavaThread "TaskAcceptor-eureka7003.com" daemon [_thread_blocked, id=8304, stack(0x0000000021270000,0x0000000021370000)]
  0x000000001e105800 JavaThread "TaskBatchingWorker-target_eureka7003.com-19" daemon [_thread_blocked, id=5076, stack(0x0000000021170000,0x0000000021270000)]
  0x000000001e0fd800 JavaThread "TaskBatchingWorker-target_eureka7003.com-18" daemon [_thread_blocked, id=10736, stack(0x0000000021070000,0x0000000021170000)]
  0x000000001e0ff000 JavaThread "TaskBatchingWorker-target_eureka7003.com-17" daemon [_thread_blocked, id=4528, stack(0x0000000020f70000,0x0000000021070000)]
  0x000000001e100800 JavaThread "TaskBatchingWorker-target_eureka7003.com-16" daemon [_thread_blocked, id=5068, stack(0x0000000020e70000,0x0000000020f70000)]
  0x000000001e0fe000 JavaThread "TaskBatchingWorker-target_eureka7003.com-15" daemon [_thread_blocked, id=7832, stack(0x0000000020d70000,0x0000000020e70000)]
  0x000000001e101000 JavaThread "TaskBatchingWorker-target_eureka7003.com-14" daemon [_thread_blocked, id=6016, stack(0x0000000020c70000,0x0000000020d70000)]
  0x000000001e104000 JavaThread "TaskBatchingWorker-target_eureka7003.com-13" daemon [_thread_blocked, id=1144, stack(0x0000000020b70000,0x0000000020c70000)]
  0x000000001e03d000 JavaThread "TaskBatchingWorker-target_eureka7003.com-12" daemon [_thread_blocked, id=8028, stack(0x0000000020a70000,0x0000000020b70000)]
  0x000000001e03c800 JavaThread "TaskBatchingWorker-target_eureka7003.com-11" daemon [_thread_blocked, id=1168, stack(0x0000000020970000,0x0000000020a70000)]
  0x000000001e03b800 JavaThread "TaskBatchingWorker-target_eureka7003.com-10" daemon [_thread_blocked, id=8320, stack(0x0000000020870000,0x0000000020970000)]
  0x000000001e03b000 JavaThread "TaskBatchingWorker-target_eureka7003.com-9" daemon [_thread_blocked, id=8936, stack(0x0000000020770000,0x0000000020870000)]
  0x000000001e03a000 JavaThread "TaskBatchingWorker-target_eureka7003.com-8" daemon [_thread_blocked, id=11960, stack(0x0000000020670000,0x0000000020770000)]
  0x000000001e039800 JavaThread "TaskBatchingWorker-target_eureka7003.com-7" daemon [_thread_blocked, id=456, stack(0x0000000020570000,0x0000000020670000)]
  0x000000001e032000 JavaThread "TaskBatchingWorker-target_eureka7003.com-6" daemon [_thread_blocked, id=13308, stack(0x0000000020470000,0x0000000020570000)]
  0x000000001e038800 JavaThread "TaskBatchingWorker-target_eureka7003.com-5" daemon [_thread_blocked, id=6252, stack(0x0000000020370000,0x0000000020470000)]
  0x000000001e038000 JavaThread "TaskBatchingWorker-target_eureka7003.com-4" daemon [_thread_blocked, id=10260, stack(0x0000000020270000,0x0000000020370000)]
  0x000000001e037000 JavaThread "TaskBatchingWorker-target_eureka7003.com-3" daemon [_thread_blocked, id=10808, stack(0x0000000020170000,0x0000000020270000)]
  0x000000001e036800 JavaThread "TaskBatchingWorker-target_eureka7003.com-2" daemon [_thread_blocked, id=1112, stack(0x0000000020070000,0x0000000020170000)]
  0x000000001e032800 JavaThread "TaskBatchingWorker-target_eureka7003.com-1" daemon [_thread_blocked, id=11196, stack(0x000000001ff70000,0x0000000020070000)]
  0x000000001e02f000 JavaThread "TaskBatchingWorker-target_eureka7003.com-0" daemon [_thread_blocked, id=11696, stack(0x000000001fe70000,0x000000001ff70000)]
  0x000000001e035800 JavaThread "StatsMonitor-0" daemon [_thread_blocked, id=92, stack(0x000000001fc70000,0x000000001fd70000)]
  0x000000001e02e000 JavaThread "TaskAcceptor-target_eureka7003.com" daemon [_thread_blocked, id=1896, stack(0x000000001fb70000,0x000000001fc70000)]
  0x000000001e031000 JavaThread "Eureka-JerseyClient-Conn-Cleaner2" daemon [_thread_blocked, id=9980, stack(0x000000001fa70000,0x000000001fb70000)]
  0x000000001e035000 JavaThread "Eureka-MeasureRateTimer" daemon [_thread_blocked, id=12408, stack(0x000000001f970000,0x000000001fa70000)]
  0x000000001e034000 JavaThread "ReplicaAwareInstanceRegistry - RenewalThresholdUpdater" daemon [_thread_blocked, id=11872, stack(0x000000001f870000,0x000000001f970000)]
  0x000000001e030800 JavaThread "Eureka-MeasureRateTimer" daemon [_thread_blocked, id=12560, stack(0x000000001f770000,0x000000001f870000)]
  0x000000001e033800 JavaThread "Eureka-EvictionTimer" daemon [_thread_blocked, id=10888, stack(0x000000001f670000,0x000000001f770000)]
  0x000000001e02f800 JavaThread "Eureka-DeltaRetentionTimer" daemon [_thread_blocked, id=11440, stack(0x000000001f570000,0x000000001f670000)]
  0x000000001a5f0800 JavaThread "Live Reload Server" daemon [_thread_in_native, id=12616, stack(0x000000001f270000,0x000000001f370000)]
  0x000000001a5ef800 JavaThread "File Watcher" daemon [_thread_blocked, id=11988, stack(0x000000001f070000,0x000000001f170000)]
  0x000000001a5ef000 JavaThread "spring.cloud.inetutils" daemon [_thread_blocked, id=3764, stack(0x000000001dca0000,0x000000001dda0000)]
  0x000000001a5ec800 JavaThread "container-0" [_thread_blocked, id=4252, stack(0x000000001daa0000,0x000000001dba0000)]
  0x000000001a5ee000 JavaThread "ContainerBackgroundProcessor[StandardEngine[Tomcat]]" daemon [_thread_blocked, id=6852, stack(0x000000001d9a0000,0x000000001daa0000)]
  0x0000000019322000 JavaThread "RMI Scheduler(0)" daemon [_thread_blocked, id=12440, stack(0x000000001b8a0000,0x000000001b9a0000)]
  0x0000000019621800 JavaThread "RMI TCP Accept-0" daemon [_thread_in_native, id=4072, stack(0x000000001a1d0000,0x000000001a2d0000)]
  0x0000000019610800 JavaThread "RMI TCP Accept-7302" daemon [_thread_in_native, id=12148, stack(0x000000001a0d0000,0x000000001a1d0000)]
  0x000000001960e800 JavaThread "RMI TCP Accept-0" daemon [_thread_in_native, id=11880, stack(0x0000000019fa0000,0x000000001a0a0000)]
  0x00000000194aa800 JavaThread "Service Thread" daemon [_thread_blocked, id=13276, stack(0x0000000019ea0000,0x0000000019fa0000)]
=>0x0000000019434000 JavaThread "C1 CompilerThread2" daemon [_thread_in_native, id=5672, stack(0x0000000019da0000,0x0000000019ea0000)]
  0x0000000019431000 JavaThread "C2 CompilerThread1" daemon [_thread_blocked, id=12540, stack(0x0000000019ca0000,0x0000000019da0000)]
  0x000000001942f000 JavaThread "C2 CompilerThread0" daemon [_thread_blocked, id=13124, stack(0x0000000019ba0000,0x0000000019ca0000)]
  0x00000000193e7000 JavaThread "Monitor Ctrl-Break" daemon [_thread_in_native, id=9668, stack(0x0000000019aa0000,0x0000000019ba0000)]
  0x0000000018ce2800 JavaThread "Attach Listener" daemon [_thread_blocked, id=12120, stack(0x00000000191a0000,0x00000000192a0000)]
  0x0000000017966000 JavaThread "Signal Dispatcher" daemon [_thread_blocked, id=13240, stack(0x00000000190a0000,0x00000000191a0000)]
  0x0000000002ccd800 JavaThread "Finalizer" daemon [_thread_blocked, id=11212, stack(0x0000000018ba0000,0x0000000018ca0000)]
  0x0000000002cc8000 JavaThread "Reference Handler" daemon [_thread_blocked, id=11972, stack(0x0000000018aa0000,0x0000000018ba0000)]

Other Threads:
  0x0000000017917800 VMThread [stack: 0x00000000189a0000,0x0000000018aa0000] [id=10668]
  0x0000000019622000 WatcherThread [stack: 0x000000001a2d0000,0x000000001a3d0000] [id=1036]

VM state:not at safepoint (normal execution)

VM Mutex/Monitor currently owned by a thread: None

Heap:
 PSYoungGen      total 438272K, used 293552K [0x00000000d5d00000, 0x00000000fa080000, 0x0000000100000000)
  eden space 416768K, 66% used [0x00000000d5d00000,0x00000000e69fffb0,0x00000000ef400000)
  from space 21504K, 84% used [0x00000000ef400000,0x00000000f05ac298,0x00000000f0900000)
  to   space 23552K, 0% used [0x00000000f8980000,0x00000000f8980000,0x00000000fa080000)
 ParOldGen       total 97280K, used 30343K [0x0000000081600000, 0x0000000087500000, 0x00000000d5d00000)
  object space 97280K, 31% used [0x0000000081600000,0x00000000833a1df0,0x0000000087500000)
 Metaspace       used 47436K, capacity 48299K, committed 48640K, reserved 1091584K
  class space    used 6388K, capacity 6574K, committed 6656K, reserved 1048576K

Card table byte_map: [0x00000000121b0000,0x00000000125b0000] byte_map_base: 0x0000000011da5000

Marking Bits: (ParMarkBitMap*) 0x000000007154a6d0
 Begin Bits: [0x0000000012c60000, 0x0000000014c08000)
 End Bits:   [0x0000000014c08000, 0x0000000016bb0000)

Polling page: 0x0000000000bb0000

CodeCache: size=245760Kb used=11088Kb max_used=11088Kb free=234671Kb
 bounds [0x0000000002df0000, 0x00000000038d0000, 0x0000000011df0000]
 total_blobs=6004 nmethods=5511 adapters=405
 compilation: enabled

Compilation events (10 events):
Event: 205.475 Thread 0x0000000019434000 nmethod 5618 0x00000000038c4e10 code [0x00000000038c4f60, 0x00000000038c5090]
Event: 208.803 Thread 0x0000000019434000 5619       1       org.apache.coyote.Request::decodedURI (5 bytes)
Event: 208.803 Thread 0x0000000019434000 nmethod 5619 0x00000000038c50d0 code [0x00000000038c5220, 0x00000000038c5330]
Event: 208.805 Thread 0x0000000019434000 5620       1       java.util.EventObject::getSource (5 bytes)
Event: 208.805 Thread 0x0000000019434000 nmethod 5620 0x00000000038c5390 code [0x00000000038c54e0, 0x00000000038c55f0]
Event: 208.805 Thread 0x0000000019434000 5621       1       com.netflix.appinfo.InstanceInfo::getLeaseInfo (5 bytes)
Event: 208.805 Thread 0x0000000019434000 nmethod 5621 0x00000000038c5650 code [0x00000000038c57a0, 0x00000000038c58b0]
Event: 208.805 Thread 0x0000000019434000 5623       1       org.apache.coyote.Response::getContentLengthLong (5 bytes)
Event: 208.805 Thread 0x0000000019434000 nmethod 5623 0x00000000038c5910 code [0x00000000038c5a60, 0x00000000038c5b70]
Event: 208.805 Thread 0x0000000019434000 5624       1       java.text.SimpleDateFormat::subFormat (1260 bytes)

GC Heap History (10 events):
Event: 6.549 GC heap before
{Heap before GC invocations=7 (full 1):
 PSYoungGen      total 138240K, used 133120K [0x00000000d5d00000, 0x00000000e7700000, 0x0000000100000000)
  eden space 133120K, 100% used [0x00000000d5d00000,0x00000000ddf00000,0x00000000ddf00000)
  from space 5120K, 0% used [0x00000000ddf00000,0x00000000ddf00000,0x00000000de400000)
  to   space 11264K, 0% used [0x00000000e6c00000,0x00000000e6c00000,0x00000000e7700000)
 ParOldGen       total 53760K, used 7620K [0x0000000081600000, 0x0000000084a80000, 0x00000000d5d00000)
  object space 53760K, 14% used [0x0000000081600000,0x0000000081d71360,0x0000000084a80000)
 Metaspace       used 22201K, capacity 22546K, committed 22784K, reserved 1069056K
  class space    used 2865K, capacity 2959K, committed 3072K, reserved 1048576K
Event: 6.577 GC heap after
Heap after GC invocations=7 (full 1):
 PSYoungGen      total 243712K, used 4533K [0x00000000d5d00000, 0x00000000e7080000, 0x0000000100000000)
  eden space 239104K, 0% used [0x00000000d5d00000,0x00000000d5d00000,0x00000000e4680000)
  from space 4608K, 98% used [0x00000000e6c00000,0x00000000e706d468,0x00000000e7080000)
  to   space 11264K, 0% used [0x00000000e5a80000,0x00000000e5a80000,0x00000000e6580000)
 ParOldGen       total 53760K, used 7620K [0x0000000081600000, 0x0000000084a80000, 0x00000000d5d00000)
  object space 53760K, 14% used [0x0000000081600000,0x0000000081d71360,0x0000000084a80000)
 Metaspace       used 22201K, capacity 22546K, committed 22784K, reserved 1069056K
  class space    used 2865K, capacity 2959K, committed 3072K, reserved 1048576K
}
Event: 7.932 GC heap before
{Heap before GC invocations=8 (full 1):
 PSYoungGen      total 243712K, used 243637K [0x00000000d5d00000, 0x00000000e7080000, 0x0000000100000000)
  eden space 239104K, 100% used [0x00000000d5d00000,0x00000000e4680000,0x00000000e4680000)
  from space 4608K, 98% used [0x00000000e6c00000,0x00000000e706d468,0x00000000e7080000)
  to   space 11264K, 0% used [0x00000000e5a80000,0x00000000e5a80000,0x00000000e6580000)
 ParOldGen       total 53760K, used 7620K [0x0000000081600000, 0x0000000084a80000, 0x00000000d5d00000)
  object space 53760K, 14% used [0x0000000081600000,0x0000000081d71360,0x0000000084a80000)
 Metaspace       used 28696K, capacity 29214K, committed 29440K, reserved 1075200K
  class space    used 3719K, capacity 3839K, committed 3840K, reserved 1048576K
Event: 7.943 GC heap after
Heap after GC invocations=8 (full 1):
 PSYoungGen      total 270848K, used 11252K [0x00000000d5d00000, 0x00000000f1880000, 0x0000000100000000)
  eden space 259584K, 0% used [0x00000000d5d00000,0x00000000d5d00000,0x00000000e5a80000)
  from space 11264K, 99% used [0x00000000e5a80000,0x00000000e657d3a0,0x00000000e6580000)
  to   space 15872K, 0% used [0x00000000f0900000,0x00000000f0900000,0x00000000f1880000)
 ParOldGen       total 53760K, used 14038K [0x0000000081600000, 0x0000000084a80000, 0x00000000d5d00000)
  object space 53760K, 26% used [0x0000000081600000,0x00000000823b5980,0x0000000084a80000)
 Metaspace       used 28696K, capacity 29214K, committed 29440K, reserved 1075200K
  class space    used 3719K, capacity 3839K, committed 3840K, reserved 1048576K
}
Event: 9.594 GC heap before
{Heap before GC invocations=9 (full 1):
 PSYoungGen      total 270848K, used 222525K [0x00000000d5d00000, 0x00000000f1880000, 0x0000000100000000)
  eden space 259584K, 81% used [0x00000000d5d00000,0x00000000e2b52170,0x00000000e5a80000)
  from space 11264K, 99% used [0x00000000e5a80000,0x00000000e657d3a0,0x00000000e6580000)
  to   space 15872K, 0% used [0x00000000f0900000,0x00000000f0900000,0x00000000f1880000)
 ParOldGen       total 53760K, used 14038K [0x0000000081600000, 0x0000000084a80000, 0x00000000d5d00000)
  object space 53760K, 26% used [0x0000000081600000,0x00000000823b5980,0x0000000084a80000)
 Metaspace       used 34883K, capacity 35359K, committed 35416K, reserved 1079296K
  class space    used 4694K, capacity 4807K, committed 4864K, reserved 1048576K
Event: 9.612 GC heap after
Heap after GC invocations=9 (full 1):
 PSYoungGen      total 432640K, used 15859K [0x00000000d5d00000, 0x00000000f4180000, 0x0000000100000000)
  eden space 416768K, 0% used [0x00000000d5d00000,0x00000000d5d00000,0x00000000ef400000)
  from space 15872K, 99% used [0x00000000f0900000,0x00000000f187ccc8,0x00000000f1880000)
  to   space 21504K, 0% used [0x00000000ef400000,0x00000000ef400000,0x00000000f0900000)
 ParOldGen       total 53760K, used 21258K [0x0000000081600000, 0x0000000084a80000, 0x00000000d5d00000)
  object space 53760K, 39% used [0x0000000081600000,0x0000000082ac2a88,0x0000000084a80000)
 Metaspace       used 34883K, capacity 35359K, committed 35416K, reserved 1079296K
  class space    used 4694K, capacity 4807K, committed 4864K, reserved 1048576K
}
Event: 9.612 GC heap before
{Heap before GC invocations=10 (full 2):
 PSYoungGen      total 432640K, used 15859K [0x00000000d5d00000, 0x00000000f4180000, 0x0000000100000000)
  eden space 416768K, 0% used [0x00000000d5d00000,0x00000000d5d00000,0x00000000ef400000)
  from space 15872K, 99% used [0x00000000f0900000,0x00000000f187ccc8,0x00000000f1880000)
  to   space 21504K, 0% used [0x00000000ef400000,0x00000000ef400000,0x00000000f0900000)
 ParOldGen       total 53760K, used 21258K [0x0000000081600000, 0x0000000084a80000, 0x00000000d5d00000)
  object space 53760K, 39% used [0x0000000081600000,0x0000000082ac2a88,0x0000000084a80000)
 Metaspace       used 34883K, capacity 35359K, committed 35416K, reserved 1079296K
  class space    used 4694K, capacity 4807K, committed 4864K, reserved 1048576K
Event: 9.703 GC heap after
Heap after GC invocations=10 (full 2):
 PSYoungGen      total 432640K, used 0K [0x00000000d5d00000, 0x00000000f4180000, 0x0000000100000000)
  eden space 416768K, 0% used [0x00000000d5d00000,0x00000000d5d00000,0x00000000ef400000)
  from space 15872K, 0% used [0x00000000f0900000,0x00000000f0900000,0x00000000f1880000)
  to   space 21504K, 0% used [0x00000000ef400000,0x00000000ef400000,0x00000000f0900000)
 ParOldGen       total 97280K, used 30335K [0x0000000081600000, 0x0000000087500000, 0x00000000d5d00000)
  object space 97280K, 31% used [0x0000000081600000,0x000000008339fdf0,0x0000000087500000)
 Metaspace       used 34883K, capacity 35359K, committed 35416K, reserved 1079296K
  class space    used 4694K, capacity 4807K, committed 4864K, reserved 1048576K
}
Event: 13.085 GC heap before
{Heap before GC invocations=11 (full 2):
 PSYoungGen      total 432640K, used 416768K [0x00000000d5d00000, 0x00000000f4180000, 0x0000000100000000)
  eden space 416768K, 100% used [0x00000000d5d00000,0x00000000ef400000,0x00000000ef400000)
  from space 15872K, 0% used [0x00000000f0900000,0x00000000f0900000,0x00000000f1880000)
  to   space 21504K, 0% used [0x00000000ef400000,0x00000000ef400000,0x00000000f0900000)
 ParOldGen       total 97280K, used 30335K [0x0000000081600000, 0x0000000087500000, 0x00000000d5d00000)
  object space 97280K, 31% used [0x0000000081600000,0x000000008339fdf0,0x0000000087500000)
 Metaspace       used 41319K, capacity 42129K, committed 42368K, reserved 1085440K
  class space    used 5566K, capacity 5754K, committed 5760K, reserved 1048576K
Event: 13.104 GC heap after
Heap after GC invocations=11 (full 2):
 PSYoungGen      total 438272K, used 18096K [0x00000000d5d00000, 0x00000000fa080000, 0x0000000100000000)
  eden space 416768K, 0% used [0x00000000d5d00000,0x00000000d5d00000,0x00000000ef400000)
  from space 21504K, 84% used [0x00000000ef400000,0x00000000f05ac298,0x00000000f0900000)
  to   space 23552K, 0% used [0x00000000f8980000,0x00000000f8980000,0x00000000fa080000)
 ParOldGen       total 97280K, used 30343K [0x0000000081600000, 0x0000000087500000, 0x00000000d5d00000)
  object space 97280K, 31% used [0x0000000081600000,0x00000000833a1df0,0x0000000087500000)
 Metaspace       used 41319K, capacity 42129K, committed 42368K, reserved 1085440K
  class space    used 5566K, capacity 5754K, committed 5760K, reserved 1048576K
}

Deoptimization events (0 events):
No events

Internal exceptions (10 events):
Event: 107.794 Thread 0x000000001e138800 Exception <a 'java/lang/ClassNotFoundException': com/netflix/eureka/util/StatusInfoCustomizer> (0x00000000e6885d18) thrown at [C:\re\workspace\8-2-build-windows-amd64-cygwin\jdk8u101\7261\hotspot\src\share\vm\classfile\systemDictionary.cpp, line 210]
Event: 107.794 Thread 0x000000001e138800 Exception <a 'java/lang/ArrayIndexOutOfBoundsException'> (0x00000000e6887d30) thrown at [C:\re\workspace\8-2-build-windows-amd64-cygwin\jdk8u101\7261\hotspot\src\share\vm\runtime\sharedRuntime.cpp, line 605]
Event: 107.794 Thread 0x000000001e138800 Exception <a 'java/lang/ArrayIndexOutOfBoundsException'> (0x00000000e688adf8) thrown at [C:\re\workspace\8-2-build-windows-amd64-cygwin\jdk8u101\7261\hotspot\src\share\vm\runtime\sharedRuntime.cpp, line 605]
Event: 119.312 Thread 0x000000001e101000 Exception <a 'java/net/SocketTimeoutException': Read timed out> (0x00000000e48c5d10) thrown at [C:\re\workspace\8-2-build-windows-amd64-cygwin\jdk8u101\7261\hotspot\src\share\vm\prims\jni.cpp, line 735]
Event: 119.317 Thread 0x000000001e108000 Exception <a 'java/net/SocketTimeoutException': Read timed out> (0x00000000e49c5290) thrown at [C:\re\workspace\8-2-build-windows-amd64-cygwin\jdk8u101\7261\hotspot\src\share\vm\prims\jni.cpp, line 735]
Event: 149.290 Thread 0x000000001e101000 Exception <a 'java/net/SocketTimeoutException': Read timed out> (0x00000000e48cd470) thrown at [C:\re\workspace\8-2-build-windows-amd64-cygwin\jdk8u101\7261\hotspot\src\share\vm\prims\jni.cpp, line 735]
Event: 149.290 Thread 0x000000001e108000 Exception <a 'java/net/SocketTimeoutException': Read timed out> (0x00000000e49ce810) thrown at [C:\re\workspace\8-2-build-windows-amd64-cygwin\jdk8u101\7261\hotspot\src\share\vm\prims\jni.cpp, line 735]
Event: 160.059 Thread 0x000000001e138800 Exception <a 'java/io/IOException'> (0x00000000e68e0610) thrown at [C:\re\workspace\8-2-build-windows-amd64-cygwin\jdk8u101\7261\hotspot\src\share\vm\prims\jni.cpp, line 709]
Event: 179.300 Thread 0x000000001e108000 Exception <a 'java/net/SocketTimeoutException': Read timed out> (0x00000000e49d5f70) thrown at [C:\re\workspace\8-2-build-windows-amd64-cygwin\jdk8u101\7261\hotspot\src\share\vm\prims\jni.cpp, line 735]
Event: 179.300 Thread 0x000000001e101000 Exception <a 'java/net/SocketTimeoutException': Read timed out> (0x00000000e48d4bd0) thrown at [C:\re\workspace\8-2-build-windows-amd64-cygwin\jdk8u101\7261\hotspot\src\share\vm\prims\jni.cpp, line 735]

Events (10 events):
Event: 160.059 Executing VM operation: RevokeBias
Event: 160.059 Executing VM operation: RevokeBias done
Event: 178.813 Executing VM operation: RevokeBias
Event: 178.813 Executing VM operation: RevokeBias done
Event: 189.583 loading class org/apache/catalina/Session
Event: 189.583 loading class org/apache/catalina/Session done
Event: 205.159 Executing VM operation: RevokeBias
Event: 205.160 Executing VM operation: RevokeBias done
Event: 208.821 Executing VM operation: RevokeBias
Event: 208.821 Executing VM operation: RevokeBias done


Dynamic libraries:
0x00007ff63edd0000 - 0x00007ff63ee07000 	C:\Program Files\Java\jdk1.8.0_101\bin\java.exe
0x00007ff818c90000 - 0x00007ff818e51000 	C:\WINDOWS\SYSTEM32\ntdll.dll
0x00007ff818a10000 - 0x00007ff818abd000 	C:\WINDOWS\system32\KERNEL32.DLL
0x00007ff815640000 - 0x00007ff815828000 	C:\WINDOWS\system32\KERNELBASE.dll
0x00007ff8171c0000 - 0x00007ff817267000 	C:\WINDOWS\system32\ADVAPI32.dll
0x00007ff818ac0000 - 0x00007ff818b5d000 	C:\WINDOWS\system32\msvcrt.dll
0x00007ff8172f0000 - 0x00007ff81734b000 	C:\WINDOWS\system32\sechost.dll
0x00007ff816700000 - 0x00007ff81681c000 	C:\WINDOWS\system32\RPCRT4.dll
0x00007ff817350000 - 0x00007ff8174a6000 	C:\WINDOWS\system32\USER32.dll
0x00007ff816db0000 - 0x00007ff816f36000 	C:\WINDOWS\system32\GDI32.dll
0x00007ff80b9b0000 - 0x00007ff80bc24000 	C:\WINDOWS\WinSxS\amd64_microsoft.windows.common-controls_6595b64144ccf1df_6.0.10586.589_none_a2ddb3caa539acce\COMCTL32.dll
0x00007ff8160a0000 - 0x00007ff81631d000 	C:\WINDOWS\system32\combase.dll
0x00007ff815940000 - 0x00007ff8159aa000 	C:\WINDOWS\system32\bcryptPrimitives.dll
0x00007ff8166c0000 - 0x00007ff8166fb000 	C:\WINDOWS\system32\IMM32.DLL
0x00000000715d0000 - 0x00000000716a2000 	C:\Program Files\Java\jdk1.8.0_101\jre\bin\msvcr100.dll
0x0000000070d30000 - 0x00000000715ca000 	C:\Program Files\Java\jdk1.8.0_101\jre\bin\server\jvm.dll
0x00007ff817270000 - 0x00007ff817278000 	C:\WINDOWS\system32\PSAPI.DLL
0x00007ff8113b0000 - 0x00007ff8113b9000 	C:\WINDOWS\SYSTEM32\WSOCK32.dll
0x00007ff813620000 - 0x00007ff813643000 	C:\WINDOWS\SYSTEM32\WINMM.dll
0x00007ff817280000 - 0x00007ff8172eb000 	C:\WINDOWS\system32\WS2_32.dll
0x00007ff80bc40000 - 0x00007ff80bc4a000 	C:\WINDOWS\SYSTEM32\VERSION.dll
0x00007ff8135c0000 - 0x00007ff8135ec000 	C:\WINDOWS\SYSTEM32\WINMMBASE.dll
0x00007ff815830000 - 0x00007ff815873000 	C:\WINDOWS\system32\cfgmgr32.dll
0x0000000070d20000 - 0x0000000070d2f000 	C:\Program Files\Java\jdk1.8.0_101\jre\bin\verify.dll
0x0000000070cf0000 - 0x0000000070d19000 	C:\Program Files\Java\jdk1.8.0_101\jre\bin\java.dll
0x0000000070ca0000 - 0x0000000070cc3000 	C:\Program Files\Java\jdk1.8.0_101\jre\bin\instrument.dll
0x0000000070cd0000 - 0x0000000070ce6000 	C:\Program Files\Java\jdk1.8.0_101\jre\bin\zip.dll
0x00007ff8174b0000 - 0x00007ff818a0c000 	C:\WINDOWS\system32\SHELL32.dll
0x00007ff815a40000 - 0x00007ff816085000 	C:\WINDOWS\system32\windows.storage.dll
0x00007ff818c10000 - 0x00007ff818c62000 	C:\WINDOWS\system32\shlwapi.dll
0x00007ff8152b0000 - 0x00007ff8152bf000 	C:\WINDOWS\system32\kernel.appcore.dll
0x00007ff815880000 - 0x00007ff815935000 	C:\WINDOWS\system32\shcore.dll
0x00007ff8152d0000 - 0x00007ff81531b000 	C:\WINDOWS\system32\powrprof.dll
0x00007ff815320000 - 0x00007ff815334000 	C:\WINDOWS\system32\profapi.dll
0x00007ff806ae0000 - 0x00007ff806afa000 	G:\idea\ideaIU-2017.2.4.win\bin\breakgen64.dll
0x0000000070c80000 - 0x0000000070c9a000 	C:\Program Files\Java\jdk1.8.0_101\jre\bin\net.dll
0x00007ff814b80000 - 0x00007ff814bdc000 	C:\WINDOWS\system32\mswsock.dll
0x0000000070c70000 - 0x0000000070c7d000 	C:\Program Files\Java\jdk1.8.0_101\jre\bin\management.dll
0x0000000070c50000 - 0x0000000070c61000 	C:\Program Files\Java\jdk1.8.0_101\jre\bin\nio.dll
0x00007ff8079b0000 - 0x00007ff8079c6000 	C:\WINDOWS\system32\napinsp.dll
0x00007ff807990000 - 0x00007ff8079aa000 	C:\WINDOWS\system32\pnrpnsp.dll
0x00007ff8132b0000 - 0x00007ff8132c8000 	C:\WINDOWS\system32\NLAapi.dll
0x00007ff813c30000 - 0x00007ff813cda000 	C:\WINDOWS\SYSTEM32\DNSAPI.dll
0x00007ff816090000 - 0x00007ff816098000 	C:\WINDOWS\system32\NSI.dll
0x00007ff807960000 - 0x00007ff80796d000 	C:\WINDOWS\System32\winrnr.dll
0x0000000072610000 - 0x0000000072645000 	C:\Program Files\Bonjour\mdnsNSP.dll
0x00007ff812510000 - 0x00007ff812548000 	C:\WINDOWS\SYSTEM32\Iphlpapi.DLL
0x00007ff80f660000 - 0x00007ff80f66a000 	C:\Windows\System32\rasadhlp.dll
0x00007ff80fdc0000 - 0x00007ff80fe27000 	C:\WINDOWS\System32\fwpuclnt.dll
0x00007ff8151e0000 - 0x00007ff815209000 	C:\WINDOWS\SYSTEM32\bcrypt.dll
0x00007ff814c30000 - 0x00007ff814c47000 	C:\WINDOWS\SYSTEM32\CRYPTSP.dll
0x00007ff8148c0000 - 0x00007ff8148f4000 	C:\WINDOWS\system32\rsaenh.dll
0x00007ff814a10000 - 0x00007ff814a2f000 	C:\WINDOWS\SYSTEM32\USERENV.dll
0x00007ff814d50000 - 0x00007ff814d5b000 	C:\WINDOWS\SYSTEM32\CRYPTBASE.dll
0x00007ff8118a0000 - 0x00007ff8118b6000 	C:\WINDOWS\SYSTEM32\dhcpcsvc6.DLL
0x00007ff811740000 - 0x00007ff81175a000 	C:\WINDOWS\SYSTEM32\dhcpcsvc.DLL
0x0000000070c20000 - 0x0000000070c44000 	C:\Program Files\Java\jdk1.8.0_101\jre\bin\sunec.dll

VM Arguments:
jvm_args: -XX:TieredStopAtLevel=1 -Xverify:none -Dspring.output.ansi.enabled=always -Dcom.sun.management.jmxremote -Dcom.sun.management.jmxremote.port=7302 -Dcom.sun.management.jmxremote.authenticate=false -Dcom.sun.management.jmxremote.ssl=false -Dspring.liveBeansView.mbeanDomain -Dspring.application.admin.enabled=true -javaagent:G:\idea\ideaIU-2017.2.4.win\lib\idea_rt.jar=7303:G:\idea\ideaIU-2017.2.4.win\bin -Dfile.encoding=UTF-8 
java_command: com.yang.EurekaService7001_App
java_class_path (initial): C:\Program Files\Java\jdk1.8.0_101\jre\lib\charsets.jar;C:\Program Files\Java\jdk1.8.0_101\jre\lib\deploy.jar;C:\Program Files\Java\jdk1.8.0_101\jre\lib\ext\access-bridge-64.jar;C:\Program Files\Java\jdk1.8.0_101\jre\lib\ext\cldrdata.jar;C:\Program Files\Java\jdk1.8.0_101\jre\lib\ext\dnsns.jar;C:\Program Files\Java\jdk1.8.0_101\jre\lib\ext\jaccess.jar;C:\Program Files\Java\jdk1.8.0_101\jre\lib\ext\jfxrt.jar;C:\Program Files\Java\jdk1.8.0_101\jre\lib\ext\localedata.jar;C:\Program Files\Java\jdk1.8.0_101\jre\lib\ext\nashorn.jar;C:\Program Files\Java\jdk1.8.0_101\jre\lib\ext\sunec.jar;C:\Program Files\Java\jdk1.8.0_101\jre\lib\ext\sunjce_provider.jar;C:\Program Files\Java\jdk1.8.0_101\jre\lib\ext\sunmscapi.jar;C:\Program Files\Java\jdk1.8.0_101\jre\lib\ext\sunpkcs11.jar;C:\Program Files\Java\jdk1.8.0_101\jre\lib\ext\zipfs.jar;C:\Program Files\Java\jdk1.8.0_101\jre\lib\javaws.jar;C:\Program Files\Java\jdk1.8.0_101\jre\lib\jce.jar;C:\Program Files\Java\jdk1.8.0_101\jre\lib\jfr.jar;C:\Program Files\Java\jdk1.8.0_101\jre\lib\jfxswt.jar;C:\Program Files\Java\jdk1.8.0_101\jre\lib\jsse.jar;C:\Program Files\Java\jdk1.8.0_101\jre\lib\management-agent.jar;C:\Program Files\Java\jdk1.8.0_101\jre\lib\plugin.jar;C:\Program Files\Java\jdk1.8.0_101\jre\lib\resources.jar;C:\Program Files\Java\jdk1.8.0_101\jre\lib\rt.jar;G:\ideaWorker\microservicecloud\microservicecloud-eureka-7001\target\classes;G:\dev\repository\mvn_repository\org\springframework\cloud\spring-cloud-starter-eureka-server\1.4.0.RELEASE\spring-cloud-starter-eureka-server-1.4.0.RELEASE.jar;G:\dev\repository\mvn_repository\org\springframework\cloud\spring-cloud-starter-netflix-eureka-server\1.4.0.RELEASE\spring-cloud-starter-netflix-eureka-server-1.4.0.RELEASE.jar;G:\dev\repository\mvn_repository\org\springframework\cloud\spring-cloud-starter\1.2.2.RELEASE\spring-cloud-starter-1.2.2.RELEASE.jar;G:\dev\repository\mvn_repository\org\springframework\boot\spring-boot-starter\1.5.9.RELEASE\spring-bo
Launcher Type: SUN_STANDARD

Environment Variables:
JAVA_HOME=C:\Program Files\Java\jdk1.8.0_101
CLASSPATH=.;C:\Program Files\Java\jdk1.8.0_101\lib\dt.jar;C:\Program Files\Java\jdk1.8.0_101\lib\tools.jar;
PATH=C:\Program Files (x86)\Common Files\NetSarang;C:\app\Admin-LY\product\11.2.0\client_1\bin;F:\app\Admin\product\11.2.0\client_1;C:\ProgramData\Oracle\Java\javapath;C:\WINDOWS\system32;C:\WINDOWS;C:\WINDOWS\System32\Wbem;C:\WINDOWS\System32\WindowsPowerShell\v1.0\;C:\Program Files\Java\jdk1.8.0_101\bin;C:\Program Files (x86)\Windows Kits\8.1\Windows Performance Toolkit\;C:\Python27;C:\Python27\Scripts;E:\apache-maven-3.3.9\bin;C:\Users\Admin-LY\AppData\Roaming\npm;C:\Program Files\TortoiseGit\bin;C:\Program Files (x86)\Intel\OpenCL SDK\2.0\bin\x86;C:\Program Files (x86)\Intel\OpenCL SDK\2.0\bin\x64;C:\Program Files\nodejs\;E:\gradle-4.5.1\bin;C:\libsvm\windows;C:\libsvm\tools;G:\SVN\bin;C:\Program Files\Git\cmd;C:\Program Files (x86)\Intel\OpenCL SDK\2.0\bin\x86;C:\Program Files (x86)\Intel\OpenCL SDK\2.0\bin\x64;C:\Users\Admin-LY\AppData\Local\Programs\Python\Python37\Scripts\;C:\Users\Admin-LY\AppData\Local\Programs\Python\Python37\;C:\Users\Admin-LY\AppData\Local\Programs\Fiddler;C:\Users\Admin-LY\AppData\Roaming\npm;G:\docker;G:\QuickStart;C:\Users\Admin-LY\AppData\Local\BypassRuntm
USERNAME=Admin-LY
OS=Windows_NT
PROCESSOR_IDENTIFIER=Intel64 Family 6 Model 42 Stepping 7, GenuineIntel



---------------  S Y S T E M  ---------------

OS: Windows 10.0 , 64 bit Build 10586 (10.0.10586.589)

CPU:total 4 (4 cores per cpu, 1 threads per core) family 6 model 42 stepping 7, cmov, cx8, fxsr, mmx, sse, sse2, sse3, ssse3, sse4.1, sse4.2, popcnt, avx, aes, clmul, tsc, tscinvbit

Memory: 4k page, physical 8291208k(1046404k free), swap 10245000k(25776k free)

vm_info: Java HotSpot(TM) 64-Bit Server VM (25.101-b13) for windows-amd64 JRE (1.8.0_101-b13), built on Jun 22 2016 01:21:29 by "java_re" with MS VC++ 10.0 (VS2010)

time: Fri Jul 05 15:48:55 2019
elapsed time: 208 seconds (0d 0h 3m 28s)

