#
# A fatal error has been detected by the Java Runtime Environment:
#
#  EXCEPTION_ACCESS_VIOLATION (0xc0000005) at pc=0x0000000070f43987, pid=224, tid=0x0000000000001770
#
# JRE version: Java(TM) SE Runtime Environment (8.0_101-b13) (build 1.8.0_101-b13)
# Java VM: Java HotSpot(TM) 64-Bit Server VM (25.101-b13 mixed mode windows-amd64 compressed oops)
# Problematic frame:
# V  [jvm.dll+0x213987]
#
# Failed to write core dump. Minidumps are not enabled by default on client versions of Windows
#
# If you would like to submit a bug report, please visit:
#   http://bugreport.java.com/bugreport/crash.jsp
#

---------------  T H R E A D  ---------------

Current thread (0x000000001993c800):  JavaThread "qtp253604075-40-acceptor-0@775b1f38-ServerConnector@695dc496{HTTP/1.1,[http/1.1]}{0.0.0.0:8003}" [_thread_in_vm, id=6000, stack(0x000000001ddd0000,0x000000001ded0000)]

siginfo: ExceptionCode=0xc0000005, writing address 0x000000001dec4b60

Registers:
RAX=0x000000001dec4b60, RBX=0x0000000000000007, RCX=0x0000000000006000, RDX=0x0000000000000019
RSP=0x000000001decab60, RBP=0x0000000000000000, RSI=0x000000001decab60, RDI=0x0000000000000007
R8 =0x0000000000000019, R9 =0x000000001b1e02c0, R10=0x0000000016fd7378, R11=0x000000001ddda148
R12=0x000000001b1e02c0, R13=0x000000001993c800, R14=0x000000001decac28, R15=0x0000000016fd7378
RIP=0x0000000070f43987, EFLAGS=0x0000000000010206

Top of Stack: (sp=0x000000001decab60)
0x000000001decab60:   00000000716837e0 00000000029a21b0
0x000000001decab70:   000000001993c800 000000001b1e02c0
0x000000001decab80:   00000000ffffffff 0000000070f448b7
0x000000001decab90:   000000001decac90 0000000016fd7378
0x000000001decaba0:   000000001993c800 bca943c826305401
0x000000001decabb0:   000000001abfce20 3e92a1e71dcccc0c
0x000000001decabc0:   0000000000000000 691f41f4d69b498c
0x000000001decabd0:   0000000016fd7378 000000001993c800
0x000000001decabe0:   0000000002c66e60 3df7701644918660
0x000000001decabf0:   1f7b7f7bd9d7eee7 e034000fc7c9f6fe
0x000000001decac00:   ef09815c048a0a0f 5a23e3190dee2359
0x000000001decac10:   3078f169081bca60 0000000016fd7378
0x000000001decac20:   000000001993c800 000000001b16aa10
0x000000001decac30:   77b7b8c8b486f34e dc05d814240f5264
0x000000001decac40:   000000001decade8 97d65ae8a810da58
0x000000001decac50:   0b47a1a98f266be5 0b112f8f056ca793 

Instructions: (pc=0x0000000070f43987)
0x0000000070f43967:   48 89 6c 24 30 33 ed 66 90 e8 cb 37 08 00 ff c3
0x0000000070f43977:   48 63 c8 48 8b c6 48 0f af cf 48 ff c7 48 2b c1
0x0000000070f43987:   89 28 48 63 c3 48 3b 05 3d 0d 59 00 7e db 48 8b
0x0000000070f43997:   6c 24 30 48 8b 5c 24 38 48 8b 74 24 40 48 83 c4 


Register to memory mapping:

RAX=0x000000001dec4b60 is pointing into the stack for thread: 0x000000001993c800
RBX=0x0000000000000007 is an unknown value
RCX=0x0000000000006000 is an unknown value
RDX=0x0000000000000019 is an unknown value
RSP=0x000000001decab60 is pointing into the stack for thread: 0x000000001993c800
RBP=0x0000000000000000 is an unknown value
RSI=0x000000001decab60 is pointing into the stack for thread: 0x000000001993c800
RDI=0x0000000000000007 is an unknown value
R8 =0x0000000000000019 is an unknown value
R9 =0x000000001b1e02c0 is an unknown value
R10={method} {0x0000000016fd7380} 'run' '()Ljava/lang/Object;' in 'java/net/URLClassLoader$1'
R11=0x000000001ddda148 is pointing into the stack for thread: 0x000000001993c800
R12=0x000000001b1e02c0 is an unknown value
R13=0x000000001993c800 is a thread
R14=0x000000001decac28 is pointing into the stack for thread: 0x000000001993c800
R15={method} {0x0000000016fd7380} 'run' '()Ljava/lang/Object;' in 'java/net/URLClassLoader$1'


Stack: [0x000000001ddd0000,0x000000001ded0000],  sp=0x000000001decab60,  free space=1002k
Native frames: (J=compiled Java code, j=interpreted, Vv=VM code, C=native code)

Java frames: (J=compiled Java code, j=interpreted, Vv=VM code)
J 586  java.security.AccessController.doPrivileged(Ljava/security/PrivilegedExceptionAction;Ljava/security/AccessControlContext;)Ljava/lang/Object; (0 bytes) @ 0x0000000002e244e6 [0x0000000002e24480+0x66]
J 529 C1 java.net.URLClassLoader.findClass(Ljava/lang/String;)Ljava/lang/Class; (47 bytes) @ 0x0000000002e0c474 [0x0000000002e0c3c0+0xb4]
J 2243 C1 java.lang.ClassLoader.loadClass(Ljava/lang/String;Z)Ljava/lang/Class; (122 bytes) @ 0x00000000030d4b64 [0x00000000030d4860+0x304]
J 2243 C1 java.lang.ClassLoader.loadClass(Ljava/lang/String;Z)Ljava/lang/Class; (122 bytes) @ 0x00000000030d4ab4 [0x00000000030d4860+0x254]
J 572 C1 sun.misc.Launcher$AppClassLoader.loadClass(Ljava/lang/String;Z)Ljava/lang/Class; (85 bytes) @ 0x0000000002e1e684 [0x0000000002e1e3a0+0x2e4]
J 570 C1 java.lang.ClassLoader.loadClass(Ljava/lang/String;)Ljava/lang/Class; (7 bytes) @ 0x0000000002e1de64 [0x0000000002e1de20+0x44]
v  ~StubRoutines::call_stub
J 1015  java.lang.ClassLoader.defineClass1(Ljava/lang/String;[BIILjava/security/ProtectionDomain;Ljava/lang/String;)Ljava/lang/Class; (0 bytes) @ 0x0000000002ec089f [0x0000000002ec0800+0x9f]
J 642 C1 java.lang.ClassLoader.defineClass(Ljava/lang/String;[BIILjava/security/ProtectionDomain;)Ljava/lang/Class; (43 bytes) @ 0x0000000002e386dc [0x0000000002e385e0+0xfc]
J 650 C1 java.net.URLClassLoader.defineClass(Ljava/lang/String;Lsun/misc/Resource;)Ljava/lang/Class; (142 bytes) @ 0x0000000002e3bc8c [0x0000000002e3b2c0+0x9cc]
J 588 C1 java.net.URLClassLoader$1.run()Ljava/lang/Class; (63 bytes) @ 0x0000000002e24c34 [0x0000000002e24b80+0xb4]
J 587 C1 java.net.URLClassLoader$1.run()Ljava/lang/Object; (5 bytes) @ 0x0000000002e24854 [0x0000000002e24820+0x34]
v  ~StubRoutines::call_stub
J 586  java.security.AccessController.doPrivileged(Ljava/security/PrivilegedExceptionAction;Ljava/security/AccessControlContext;)Ljava/lang/Object; (0 bytes) @ 0x0000000002e244e6 [0x0000000002e24480+0x66]
J 529 C1 java.net.URLClassLoader.findClass(Ljava/lang/String;)Ljava/lang/Class; (47 bytes) @ 0x0000000002e0c474 [0x0000000002e0c3c0+0xb4]
J 2243 C1 java.lang.ClassLoader.loadClass(Ljava/lang/String;Z)Ljava/lang/Class; (122 bytes) @ 0x00000000030d4b64 [0x00000000030d4860+0x304]
J 572 C1 sun.misc.Launcher$AppClassLoader.loadClass(Ljava/lang/String;Z)Ljava/lang/Class; (85 bytes) @ 0x0000000002e1e684 [0x0000000002e1e3a0+0x2e4]
J 570 C1 java.lang.ClassLoader.loadClass(Ljava/lang/String;)Ljava/lang/Class; (7 bytes) @ 0x0000000002e1de64 [0x0000000002e1de20+0x44]
v  ~StubRoutines::call_stub
j  ch.qos.logback.classic.spi.LoggingEvent.<init>(Ljava/lang/String;Lch/qos/logback/classic/Logger;Lch/qos/logback/classic/Level;Ljava/lang/String;Ljava/lang/Throwable;[Ljava/lang/Object;)V+72
J 4204 C1 ch.qos.logback.classic.Logger.filterAndLog_0_Or3Plus(Ljava/lang/String;Lorg/slf4j/Marker;Lch/qos/logback/classic/Level;Ljava/lang/String;[Ljava/lang/Object;Ljava/lang/Throwable;)V (61 bytes) @ 0x0000000003494854 [0x0000000003494680+0x1d4]
J 4218 C1 ch.qos.logback.classic.Logger.log(Lorg/slf4j/Marker;Ljava/lang/String;ILjava/lang/String;[Ljava/lang/Object;Ljava/lang/Throwable;)V (21 bytes) @ 0x000000000349acc4 [0x000000000349ac40+0x84]
j  org.eclipse.jetty.util.log.JettyAwareLogger.log(Lorg/slf4j/Marker;ILjava/lang/String;[Ljava/lang/Object;Ljava/lang/Throwable;)V+18
j  org.eclipse.jetty.util.log.JettyAwareLogger.warn(Ljava/lang/String;Ljava/lang/Throwable;)V+7
j  org.eclipse.jetty.util.log.Slf4jLog.warn(Ljava/lang/String;Ljava/lang/Throwable;)V+6
j  org.eclipse.jetty.util.log.Slf4jLog.warn(Ljava/lang/Throwable;)V+4
j  org.eclipse.jetty.server.AbstractConnector.handleAcceptFailure(Ljava/lang/Throwable;)Z+50
j  org.eclipse.jetty.server.AbstractNetworkConnector.handleAcceptFailure(Ljava/lang/Throwable;)Z+9
j  org.eclipse.jetty.server.AbstractConnector$Acceptor.run()V+348
j  org.eclipse.jetty.util.thread.QueuedThreadPool.runJob(Ljava/lang/Runnable;)V+1
j  org.eclipse.jetty.util.thread.QueuedThreadPool$2.run()V+104
j  java.lang.Thread.run()V+11
v  ~StubRoutines::call_stub

---------------  P R O C E S S  ---------------

Java Threads: ( => current thread )
  0x000000001d3cd000 JavaThread "DiscoveryClient-2" daemon [_thread_blocked, id=10356, stack(0x00000000211d0000,0x00000000212d0000)]
  0x000000001d3d3800 JavaThread "DiscoveryClient-HeartbeatExecutor-0" daemon [_thread_blocked, id=4480, stack(0x00000000210d0000,0x00000000211d0000)]
  0x000000001d3cc000 JavaThread "DiscoveryClient-CacheRefreshExecutor-0" daemon [_thread_blocked, id=3912, stack(0x0000000020fd0000,0x00000000210d0000)]
  0x000000001d3d3000 JavaThread "Timer-0" daemon [_thread_blocked, id=2552, stack(0x0000000020cd0000,0x0000000020dd0000)]
  0x000000001d3d2000 JavaThread "Druid-ConnectionPool-Destroy-173566056" daemon [_thread_blocked, id=6808, stack(0x0000000020bd0000,0x0000000020cd0000)]
  0x000000001d3d0000 JavaThread "Druid-ConnectionPool-Create-173566056" daemon [_thread_blocked, id=952, stack(0x0000000020ad0000,0x0000000020bd0000)]
  0x000000001d3cb800 JavaThread "RMI TCP Connection(idle)" daemon [_thread_blocked, id=13096, stack(0x00000000206d0000,0x00000000207d0000)]
  0x000000001d3ce800 JavaThread "RMI TCP Connection(idle)" daemon [_thread_blocked, id=10672, stack(0x000000001ffd0000,0x00000000200d0000)]
  0x000000001d3cf000 JavaThread "RMI TCP Connection(idle)" daemon [_thread_blocked, id=12696, stack(0x000000001fed0000,0x000000001ffd0000)]
  0x0000000019938800 JavaThread "RMI TCP Connection(idle)" daemon [_thread_blocked, id=5448, stack(0x000000001fdd0000,0x000000001fed0000)]
  0x000000001b1fe800 JavaThread "DestroyJavaVM" [_thread_blocked, id=4204, stack(0x0000000002860000,0x0000000002960000)]
  0x000000001b1fd800 JavaThread "DiscoveryClient-InstanceInfoReplicator-0" daemon [_thread_blocked, id=12800, stack(0x000000001fbd0000,0x000000001fcd0000)]
  0x000000001b1fc000 JavaThread "DiscoveryClient-1" daemon [_thread_blocked, id=9040, stack(0x000000001fad0000,0x000000001fbd0000)]
  0x000000001b1ff000 JavaThread "DiscoveryClient-0" daemon [_thread_blocked, id=11372, stack(0x000000001f9d0000,0x000000001fad0000)]
  0x000000001b1f9000 JavaThread "AsyncResolver-bootstrap-0" daemon [_thread_blocked, id=6752, stack(0x000000001f6d0000,0x000000001f7d0000)]
  0x000000001b1fa000 JavaThread "Eureka-JerseyClient-Conn-Cleaner2" daemon [_thread_blocked, id=5880, stack(0x000000001f5d0000,0x000000001f6d0000)]
  0x000000001b1fb800 JavaThread "Eureka-JerseyClient-Conn-Cleaner2" daemon [_thread_blocked, id=6940, stack(0x000000001f4d0000,0x000000001f5d0000)]
  0x000000001b1fd000 JavaThread "File Watcher" daemon [_thread_blocked, id=1464, stack(0x000000001f1d0000,0x000000001f2d0000)]
  0x000000001b1fa800 JavaThread "spring.cloud.inetutils" daemon [_thread_blocked, id=12720, stack(0x000000001ead0000,0x000000001ebd0000)]
  0x000000001b1f8800 JavaThread "Scheduler-221235730" [_thread_blocked, id=5484, stack(0x000000001e5d0000,0x000000001e6d0000)]
  0x000000001993b000 JavaThread "qtp253604075-46" [_thread_blocked, id=5664, stack(0x000000001e3d0000,0x000000001e4d0000)]
  0x000000001993a000 JavaThread "qtp253604075-45" [_thread_blocked, id=10464, stack(0x000000001e2d0000,0x000000001e3d0000)]
  0x000000001993f800 JavaThread "qtp253604075-44" [_thread_blocked, id=10304, stack(0x000000001e1d0000,0x000000001e2d0000)]
  0x0000000019939800 JavaThread "qtp253604075-43" [_thread_blocked, id=11912, stack(0x000000001e0d0000,0x000000001e1d0000)]
  0x000000001993e800 JavaThread "qtp253604075-42" [_thread_blocked, id=11924, stack(0x000000001dfd0000,0x000000001e0d0000)]
  0x000000001993e000 JavaThread "qtp253604075-41" [_thread_blocked, id=12704, stack(0x000000001ded0000,0x000000001dfd0000)]
=>0x000000001993c800 JavaThread "qtp253604075-40-acceptor-0@775b1f38-ServerConnector@695dc496{HTTP/1.1,[http/1.1]}{0.0.0.0:8003}" [_thread_in_vm, id=6000, stack(0x000000001ddd0000,0x000000001ded0000)]
  0x000000001993b800 JavaThread "qtp253604075-39" [_thread_in_native, id=9332, stack(0x000000001dcd0000,0x000000001ddd0000)]
  0x000000001994c000 JavaThread "RMI Scheduler(0)" daemon [_thread_blocked, id=2568, stack(0x000000001b800000,0x000000001b900000)]
  0x000000001a5cb800 JavaThread "RMI TCP Connection(idle)" daemon [_thread_blocked, id=4364, stack(0x000000001b500000,0x000000001b600000)]
  0x00000000196c4000 JavaThread "RMI TCP Accept-0" daemon [_thread_in_native, id=9648, stack(0x000000001a130000,0x000000001a230000)]
  0x00000000196bf800 JavaThread "RMI TCP Accept-11949" daemon [_thread_in_native, id=13076, stack(0x000000001a030000,0x000000001a130000)]
  0x00000000196b2000 JavaThread "RMI TCP Accept-0" daemon [_thread_in_native, id=13156, stack(0x0000000019f30000,0x000000001a030000)]
  0x0000000019561000 JavaThread "Service Thread" daemon [_thread_blocked, id=11412, stack(0x0000000019d50000,0x0000000019e50000)]
  0x00000000194e0000 JavaThread "C1 CompilerThread2" daemon [_thread_blocked, id=5656, stack(0x0000000019c50000,0x0000000019d50000)]
  0x00000000194cc800 JavaThread "C2 CompilerThread1" daemon [_thread_blocked, id=8624, stack(0x0000000019b50000,0x0000000019c50000)]
  0x00000000194cc000 JavaThread "C2 CompilerThread0" daemon [_thread_blocked, id=12832, stack(0x0000000019a50000,0x0000000019b50000)]
  0x00000000194bf000 JavaThread "Monitor Ctrl-Break" daemon [_thread_in_native, id=11592, stack(0x0000000019950000,0x0000000019a50000)]
  0x0000000018b93800 JavaThread "Attach Listener" daemon [_thread_blocked, id=1320, stack(0x0000000019050000,0x0000000019150000)]
  0x0000000017798800 JavaThread "Signal Dispatcher" daemon [_thread_blocked, id=6252, stack(0x0000000018f50000,0x0000000019050000)]
  0x000000001776f800 JavaThread "Finalizer" daemon [_thread_blocked, id=12652, stack(0x00000000189f0000,0x0000000018af0000)]
  0x0000000017748800 JavaThread "Reference Handler" daemon [_thread_blocked, id=5976, stack(0x00000000188f0000,0x00000000189f0000)]

Other Threads:
  0x0000000017747000 VMThread [stack: 0x00000000187f0000,0x00000000188f0000] [id=11208]
  0x00000000196c9000 WatcherThread [stack: 0x000000001a230000,0x000000001a330000] [id=11284]

VM state:not at safepoint (normal execution)

VM Mutex/Monitor currently owned by a thread: None

Heap:
 PSYoungGen      total 267264K, used 39942K [0x00000000d5d00000, 0x00000000e7280000, 0x0000000100000000)
  eden space 258560K, 12% used [0x00000000d5d00000,0x00000000d7b87b50,0x00000000e5980000)
  from space 8704K, 99% used [0x00000000e6a00000,0x00000000e727a050,0x00000000e7280000)
  to   space 12800K, 0% used [0x00000000e5980000,0x00000000e5980000,0x00000000e6600000)
 ParOldGen       total 53760K, used 33359K [0x0000000081600000, 0x0000000084a80000, 0x00000000d5d00000)
  object space 53760K, 62% used [0x0000000081600000,0x0000000083693e80,0x0000000084a80000)
 Metaspace       used 45213K, capacity 46014K, committed 46424K, reserved 1089536K
  class space    used 5957K, capacity 6156K, committed 6272K, reserved 1048576K

Card table byte_map: [0x0000000011fe0000,0x00000000123e0000] byte_map_base: 0x0000000011bd5000

Marking Bits: (ParMarkBitMap*) 0x000000007154a6d0
 Begin Bits: [0x0000000012a90000, 0x0000000014a38000)
 End Bits:   [0x0000000014a38000, 0x00000000169e0000)

Polling page: 0x0000000000cc0000

CodeCache: size=245760Kb used=10303Kb max_used=10303Kb free=235457Kb
 bounds [0x0000000002c20000, 0x0000000003640000, 0x0000000011c20000]
 total_blobs=5502 nmethods=5003 adapters=411
 compilation: enabled

Compilation events (10 events):
Event: 72.930 Thread 0x00000000194e0000 5110       1       com.fasterxml.jackson.databind.JsonNode::<init> (5 bytes)
Event: 72.930 Thread 0x00000000194e0000 nmethod 5110 0x0000000003630810 code [0x0000000003630960, 0x0000000003630a70]
Event: 72.930 Thread 0x00000000194e0000 5111       1       com.fasterxml.jackson.databind.JsonSerializable$Base::<init> (5 bytes)
Event: 72.930 Thread 0x00000000194e0000 nmethod 5111 0x0000000003630ad0 code [0x0000000003630c20, 0x0000000003630d30]
Event: 72.930 Thread 0x00000000194e0000 5108       1       com.fasterxml.jackson.databind.DeserializationContext::getDeserializationFeatures (5 bytes)
Event: 72.930 Thread 0x00000000194e0000 nmethod 5108 0x0000000003630d90 code [0x0000000003630ee0, 0x0000000003630ff0]
Event: 75.653 Thread 0x00000000194e0000 5112       1       org.springframework.boot.devtools.filewatch.FolderSnapshot::equals (46 bytes)
Event: 75.654 Thread 0x00000000194e0000 nmethod 5112 0x0000000003631050 code [0x00000000036311e0, 0x0000000003631498]
Event: 75.654 Thread 0x00000000194e0000 5113       1       java.util.Collections$UnmodifiableSet::equals (24 bytes)
Event: 75.654 Thread 0x00000000194e0000 nmethod 5113 0x0000000003631710 code [0x0000000003631860, 0x00000000036319c8]

GC Heap History (10 events):
Event: 8.433 GC heap before
{Heap before GC invocations=12 (full 1):
 PSYoungGen      total 196096K, used 193575K [0x00000000d5d00000, 0x00000000e2680000, 0x0000000100000000)
  eden space 186880K, 100% used [0x00000000d5d00000,0x00000000e1380000,0x00000000e1380000)
  from space 9216K, 72% used [0x00000000e1d80000,0x00000000e2409db0,0x00000000e2680000)
  to   space 9728K, 0% used [0x00000000e1380000,0x00000000e1380000,0x00000000e1d00000)
 ParOldGen       total 53760K, used 8954K [0x0000000081600000, 0x0000000084a80000, 0x00000000d5d00000)
  object space 53760K, 16% used [0x0000000081600000,0x0000000081ebebc0,0x0000000084a80000)
 Metaspace       used 32795K, capacity 33312K, committed 33664K, reserved 1079296K
  class space    used 4329K, capacity 4436K, committed 4480K, reserved 1048576K
Event: 8.447 GC heap after
Heap after GC invocations=12 (full 1):
 PSYoungGen      total 196608K, used 9716K [0x00000000d5d00000, 0x00000000e7680000, 0x0000000100000000)
  eden space 186880K, 0% used [0x00000000d5d00000,0x00000000d5d00000,0x00000000e1380000)
  from space 9728K, 99% used [0x00000000e1380000,0x00000000e1cfd008,0x00000000e1d00000)
  to   space 12800K, 0% used [0x00000000e6a00000,0x00000000e6a00000,0x00000000e7680000)
 ParOldGen       total 53760K, used 14327K [0x0000000081600000, 0x0000000084a80000, 0x00000000d5d00000)
  object space 53760K, 26% used [0x0000000081600000,0x00000000823fddc8,0x0000000084a80000)
 Metaspace       used 32795K, capacity 33312K, committed 33664K, reserved 1079296K
  class space    used 4329K, capacity 4436K, committed 4480K, reserved 1048576K
}
Event: 10.179 GC heap before
{Heap before GC invocations=13 (full 1):
 PSYoungGen      total 196608K, used 128888K [0x00000000d5d00000, 0x00000000e7680000, 0x0000000100000000)
  eden space 186880K, 63% used [0x00000000d5d00000,0x00000000dd161270,0x00000000e1380000)
  from space 9728K, 99% used [0x00000000e1380000,0x00000000e1cfd008,0x00000000e1d00000)
  to   space 12800K, 0% used [0x00000000e6a00000,0x00000000e6a00000,0x00000000e7680000)
 ParOldGen       total 53760K, used 14327K [0x0000000081600000, 0x0000000084a80000, 0x00000000d5d00000)
  object space 53760K, 26% used [0x0000000081600000,0x00000000823fddc8,0x0000000084a80000)
 Metaspace       used 34667K, capacity 35232K, committed 35416K, reserved 1079296K
  class space    used 4576K, capacity 4715K, committed 4736K, reserved 1048576K
Event: 10.188 GC heap after
Heap after GC invocations=13 (full 1):
 PSYoungGen      total 267264K, used 5017K [0x00000000d5d00000, 0x00000000e7280000, 0x0000000100000000)
  eden space 258560K, 0% used [0x00000000d5d00000,0x00000000d5d00000,0x00000000e5980000)
  from space 8704K, 57% used [0x00000000e6a00000,0x00000000e6ee65b0,0x00000000e7280000)
  to   space 12800K, 0% used [0x00000000e5980000,0x00000000e5980000,0x00000000e6600000)
 ParOldGen       total 53760K, used 21442K [0x0000000081600000, 0x0000000084a80000, 0x00000000d5d00000)
  object space 53760K, 39% used [0x0000000081600000,0x0000000082af0a10,0x0000000084a80000)
 Metaspace       used 34667K, capacity 35232K, committed 35416K, reserved 1079296K
  class space    used 4576K, capacity 4715K, committed 4736K, reserved 1048576K
}
Event: 10.188 GC heap before
{Heap before GC invocations=14 (full 2):
 PSYoungGen      total 267264K, used 5017K [0x00000000d5d00000, 0x00000000e7280000, 0x0000000100000000)
  eden space 258560K, 0% used [0x00000000d5d00000,0x00000000d5d00000,0x00000000e5980000)
  from space 8704K, 57% used [0x00000000e6a00000,0x00000000e6ee65b0,0x00000000e7280000)
  to   space 12800K, 0% used [0x00000000e5980000,0x00000000e5980000,0x00000000e6600000)
 ParOldGen       total 53760K, used 21442K [0x0000000081600000, 0x0000000084a80000, 0x00000000d5d00000)
  object space 53760K, 39% used [0x0000000081600000,0x0000000082af0a10,0x0000000084a80000)
 Metaspace       used 34667K, capacity 35232K, committed 35416K, reserved 1079296K
  class space    used 4576K, capacity 4715K, committed 4736K, reserved 1048576K
Event: 10.298 GC heap after
Heap after GC invocations=14 (full 2):
 PSYoungGen      total 267264K, used 0K [0x00000000d5d00000, 0x00000000e7280000, 0x0000000100000000)
  eden space 258560K, 0% used [0x00000000d5d00000,0x00000000d5d00000,0x00000000e5980000)
  from space 8704K, 0% used [0x00000000e6a00000,0x00000000e6a00000,0x00000000e7280000)
  to   space 12800K, 0% used [0x00000000e5980000,0x00000000e5980000,0x00000000e6600000)
 ParOldGen       total 53760K, used 23789K [0x0000000081600000, 0x0000000084a80000, 0x00000000d5d00000)
  object space 53760K, 44% used [0x0000000081600000,0x0000000082d3b7a8,0x0000000084a80000)
 Metaspace       used 34667K, capacity 35232K, committed 35416K, reserved 1079296K
  class space    used 4576K, capacity 4715K, committed 4736K, reserved 1048576K
}
Event: 11.340 GC heap before
{Heap before GC invocations=15 (full 2):
 PSYoungGen      total 267264K, used 258560K [0x00000000d5d00000, 0x00000000e7280000, 0x0000000100000000)
  eden space 258560K, 100% used [0x00000000d5d00000,0x00000000e5980000,0x00000000e5980000)
  from space 8704K, 0% used [0x00000000e6a00000,0x00000000e6a00000,0x00000000e7280000)
  to   space 12800K, 0% used [0x00000000e5980000,0x00000000e5980000,0x00000000e6600000)
 ParOldGen       total 53760K, used 23789K [0x0000000081600000, 0x0000000084a80000, 0x00000000d5d00000)
  object space 53760K, 44% used [0x0000000081600000,0x0000000082d3b7a8,0x0000000084a80000)
 Metaspace       used 36879K, capacity 37576K, committed 37848K, reserved 1081344K
  class space    used 4870K, capacity 5064K, committed 5120K, reserved 1048576K
Event: 11.349 GC heap after
Heap after GC invocations=15 (full 2):
 PSYoungGen      total 271360K, used 8586K [0x00000000d5d00000, 0x00000000e7280000, 0x0000000100000000)
  eden space 258560K, 0% used [0x00000000d5d00000,0x00000000d5d00000,0x00000000e5980000)
  from space 12800K, 67% used [0x00000000e5980000,0x00000000e61e2a18,0x00000000e6600000)
  to   space 8704K, 0% used [0x00000000e6a00000,0x00000000e6a00000,0x00000000e7280000)
 ParOldGen       total 53760K, used 23797K [0x0000000081600000, 0x0000000084a80000, 0x00000000d5d00000)
  object space 53760K, 44% used [0x0000000081600000,0x0000000082d3d7a8,0x0000000084a80000)
 Metaspace       used 36879K, capacity 37576K, committed 37848K, reserved 1081344K
  class space    used 4870K, capacity 5064K, committed 5120K, reserved 1048576K
}
Event: 13.512 GC heap before
{Heap before GC invocations=16 (full 2):
 PSYoungGen      total 271360K, used 267146K [0x00000000d5d00000, 0x00000000e7280000, 0x0000000100000000)
  eden space 258560K, 100% used [0x00000000d5d00000,0x00000000e5980000,0x00000000e5980000)
  from space 12800K, 67% used [0x00000000e5980000,0x00000000e61e2a18,0x00000000e6600000)
  to   space 8704K, 0% used [0x00000000e6a00000,0x00000000e6a00000,0x00000000e7280000)
 ParOldGen       total 53760K, used 23797K [0x0000000081600000, 0x0000000084a80000, 0x00000000d5d00000)
  object space 53760K, 44% used [0x0000000081600000,0x0000000082d3d7a8,0x0000000084a80000)
 Metaspace       used 43808K, capacity 44634K, committed 44760K, reserved 1087488K
  class space    used 5853K, capacity 6086K, committed 6144K, reserved 1048576K
Event: 13.530 GC heap after
Heap after GC invocations=16 (full 2):
 PSYoungGen      total 267264K, used 8680K [0x00000000d5d00000, 0x00000000e7280000, 0x0000000100000000)
  eden space 258560K, 0% used [0x00000000d5d00000,0x00000000d5d00000,0x00000000e5980000)
  from space 8704K, 99% used [0x00000000e6a00000,0x00000000e727a050,0x00000000e7280000)
  to   space 12800K, 0% used [0x00000000e5980000,0x00000000e5980000,0x00000000e6600000)
 ParOldGen       total 53760K, used 33359K [0x0000000081600000, 0x0000000084a80000, 0x00000000d5d00000)
  object space 53760K, 62% used [0x0000000081600000,0x0000000083693e80,0x0000000084a80000)
 Metaspace       used 43808K, capacity 44634K, committed 44760K, reserved 1087488K
  class space    used 5853K, capacity 6086K, committed 6144K, reserved 1048576K
}

Deoptimization events (0 events):
No events

Internal exceptions (10 events):
Event: 13.635 Thread 0x000000001d3cb800 Exception <a 'java/lang/ArrayIndexOutOfBoundsException'> (0x00000000d6a63010) thrown at [C:\re\workspace\8-2-build-windows-amd64-cygwin\jdk8u101\7261\hotspot\src\share\vm\runtime\sharedRuntime.cpp, line 605]
Event: 13.635 Thread 0x000000001d3cb800 Exception <a 'java/lang/ArrayIndexOutOfBoundsException'> (0x00000000d6a67380) thrown at [C:\re\workspace\8-2-build-windows-amd64-cygwin\jdk8u101\7261\hotspot\src\share\vm\runtime\sharedRuntime.cpp, line 605]
Event: 13.635 Thread 0x000000001d3cb800 Exception <a 'java/lang/ArrayIndexOutOfBoundsException'> (0x00000000d6a6b6b0) thrown at [C:\re\workspace\8-2-build-windows-amd64-cygwin\jdk8u101\7261\hotspot\src\share\vm\runtime\sharedRuntime.cpp, line 605]
Event: 13.636 Thread 0x000000001d3cb800 Exception <a 'java/lang/ArrayIndexOutOfBoundsException'> (0x00000000d6a6eb98) thrown at [C:\re\workspace\8-2-build-windows-amd64-cygwin\jdk8u101\7261\hotspot\src\share\vm\runtime\sharedRuntime.cpp, line 605]
Event: 13.636 Thread 0x000000001d3cb800 Exception <a 'java/lang/ArrayIndexOutOfBoundsException'> (0x00000000d6a715a8) thrown at [C:\re\workspace\8-2-build-windows-amd64-cygwin\jdk8u101\7261\hotspot\src\share\vm\runtime\sharedRuntime.cpp, line 605]
Event: 14.637 Thread 0x000000001d3cb800 Exception <a 'java/net/ConnectException': Connection refused: connect> (0x00000000d6a74528) thrown at [C:\re\workspace\8-2-build-windows-amd64-cygwin\jdk8u101\7261\hotspot\src\share\vm\prims\jni.cpp, line 735]
Event: 14.644 Thread 0x000000001d3cb800 Exception <a 'java/lang/ArrayIndexOutOfBoundsException'> (0x00000000d6bdc880) thrown at [C:\re\workspace\8-2-build-windows-amd64-cygwin\jdk8u101\7261\hotspot\src\share\vm\runtime\sharedRuntime.cpp, line 605]
Event: 14.648 Thread 0x000000001d3cb800 Exception <a 'java/lang/ArrayIndexOutOfBoundsException'> (0x00000000d6c64d60) thrown at [C:\re\workspace\8-2-build-windows-amd64-cygwin\jdk8u101\7261\hotspot\src\share\vm\runtime\sharedRuntime.cpp, line 605]
Event: 83.553 Thread 0x000000001993c800 StackOverflowError at 0x0000000002e3eb60
Event: 83.553 Thread 0x000000001993c800 Exception <a 'java/lang/StackOverflowError'> (0x00000000d7ae6398) thrown at [C:\re\workspace\8-2-build-windows-amd64-cygwin\jdk8u101\7261\hotspot\src\share\vm\runtime\sharedRuntime.cpp, line 605]

Events (10 events):
Event: 83.553 loading class java/nio/channels/ClosedByInterruptException
Event: 83.553 loading class java/nio/channels/AsynchronousCloseException
Event: 83.553 loading class java/nio/channels/ClosedChannelException
Event: 83.554 loading class java/nio/channels/ClosedChannelException done
Event: 83.554 loading class java/nio/channels/AsynchronousCloseException done
Event: 83.554 loading class java/nio/channels/ClosedByInterruptException done
Event: 83.554 loading class ch/qos/logback/classic/spi/ThrowableProxy
Event: 83.554 loading class ch/qos/logback/classic/spi/ThrowableProxy done
Event: 83.554 loading class ch/qos/logback/classic/spi/IThrowableProxy
Event: 83.554 loading class ch/qos/logback/classic/spi/IThrowableProxy done


Dynamic libraries:
0x00007ff63edd0000 - 0x00007ff63ee07000 	C:\Program Files\Java\jdk1.8.0_101\bin\java.exe
0x00007ff818c90000 - 0x00007ff818e51000 	C:\WINDOWS\SYSTEM32\ntdll.dll
0x00007ff818a10000 - 0x00007ff818abd000 	C:\WINDOWS\system32\KERNEL32.DLL
0x00007ff815640000 - 0x00007ff815828000 	C:\WINDOWS\system32\KERNELBASE.dll
0x00007ff8171c0000 - 0x00007ff817267000 	C:\WINDOWS\system32\ADVAPI32.dll
0x00007ff818ac0000 - 0x00007ff818b5d000 	C:\WINDOWS\system32\msvcrt.dll
0x00007ff8172f0000 - 0x00007ff81734b000 	C:\WINDOWS\system32\sechost.dll
0x00007ff816700000 - 0x00007ff81681c000 	C:\WINDOWS\system32\RPCRT4.dll
0x00007ff817350000 - 0x00007ff8174a6000 	C:\WINDOWS\system32\USER32.dll
0x00007ff816db0000 - 0x00007ff816f36000 	C:\WINDOWS\system32\GDI32.dll
0x00007ff80b9b0000 - 0x00007ff80bc24000 	C:\WINDOWS\WinSxS\amd64_microsoft.windows.common-controls_6595b64144ccf1df_6.0.10586.589_none_a2ddb3caa539acce\COMCTL32.dll
0x00007ff8160a0000 - 0x00007ff81631d000 	C:\WINDOWS\system32\combase.dll
0x00007ff815940000 - 0x00007ff8159aa000 	C:\WINDOWS\system32\bcryptPrimitives.dll
0x00007ff8166c0000 - 0x00007ff8166fb000 	C:\WINDOWS\system32\IMM32.DLL
0x00000000715d0000 - 0x00000000716a2000 	C:\Program Files\Java\jdk1.8.0_101\jre\bin\msvcr100.dll
0x0000000070d30000 - 0x00000000715ca000 	C:\Program Files\Java\jdk1.8.0_101\jre\bin\server\jvm.dll
0x00007ff817270000 - 0x00007ff817278000 	C:\WINDOWS\system32\PSAPI.DLL
0x00007ff8113b0000 - 0x00007ff8113b9000 	C:\WINDOWS\SYSTEM32\WSOCK32.dll
0x00007ff813620000 - 0x00007ff813643000 	C:\WINDOWS\SYSTEM32\WINMM.dll
0x00007ff817280000 - 0x00007ff8172eb000 	C:\WINDOWS\system32\WS2_32.dll
0x00007ff80bc40000 - 0x00007ff80bc4a000 	C:\WINDOWS\SYSTEM32\VERSION.dll
0x00007ff8135c0000 - 0x00007ff8135ec000 	C:\WINDOWS\SYSTEM32\WINMMBASE.dll
0x00007ff815830000 - 0x00007ff815873000 	C:\WINDOWS\system32\cfgmgr32.dll
0x0000000070d20000 - 0x0000000070d2f000 	C:\Program Files\Java\jdk1.8.0_101\jre\bin\verify.dll
0x0000000070cf0000 - 0x0000000070d19000 	C:\Program Files\Java\jdk1.8.0_101\jre\bin\java.dll
0x0000000070c60000 - 0x0000000070c83000 	C:\Program Files\Java\jdk1.8.0_101\jre\bin\instrument.dll
0x0000000070cd0000 - 0x0000000070ce6000 	C:\Program Files\Java\jdk1.8.0_101\jre\bin\zip.dll
0x00007ff8174b0000 - 0x00007ff818a0c000 	C:\WINDOWS\system32\SHELL32.dll
0x00007ff815a40000 - 0x00007ff816085000 	C:\WINDOWS\system32\windows.storage.dll
0x00007ff818c10000 - 0x00007ff818c62000 	C:\WINDOWS\system32\shlwapi.dll
0x00007ff8152b0000 - 0x00007ff8152bf000 	C:\WINDOWS\system32\kernel.appcore.dll
0x00007ff815880000 - 0x00007ff815935000 	C:\WINDOWS\system32\shcore.dll
0x00007ff8152d0000 - 0x00007ff81531b000 	C:\WINDOWS\system32\powrprof.dll
0x00007ff815320000 - 0x00007ff815334000 	C:\WINDOWS\system32\profapi.dll
0x00007ff806710000 - 0x00007ff80672a000 	G:\idea\ideaIU-2017.2.4.win\bin\breakgen64.dll
0x0000000070cb0000 - 0x0000000070cca000 	C:\Program Files\Java\jdk1.8.0_101\jre\bin\net.dll
0x00007ff814b80000 - 0x00007ff814bdc000 	C:\WINDOWS\system32\mswsock.dll
0x0000000070c50000 - 0x0000000070c5d000 	C:\Program Files\Java\jdk1.8.0_101\jre\bin\management.dll
0x0000000070c90000 - 0x0000000070ca1000 	C:\Program Files\Java\jdk1.8.0_101\jre\bin\nio.dll
0x00007ff8079b0000 - 0x00007ff8079c6000 	C:\WINDOWS\system32\napinsp.dll
0x00007ff807990000 - 0x00007ff8079aa000 	C:\WINDOWS\system32\pnrpnsp.dll
0x00007ff8132b0000 - 0x00007ff8132c8000 	C:\WINDOWS\system32\NLAapi.dll
0x00007ff813c30000 - 0x00007ff813cda000 	C:\WINDOWS\SYSTEM32\DNSAPI.dll
0x00007ff816090000 - 0x00007ff816098000 	C:\WINDOWS\system32\NSI.dll
0x00007ff807960000 - 0x00007ff80796d000 	C:\WINDOWS\System32\winrnr.dll
0x0000000072610000 - 0x0000000072645000 	C:\Program Files\Bonjour\mdnsNSP.dll
0x00007ff812510000 - 0x00007ff812548000 	C:\WINDOWS\SYSTEM32\Iphlpapi.DLL
0x00007ff80f660000 - 0x00007ff80f66a000 	C:\Windows\System32\rasadhlp.dll
0x00007ff80fdc0000 - 0x00007ff80fe27000 	C:\WINDOWS\System32\fwpuclnt.dll
0x00007ff8151e0000 - 0x00007ff815209000 	C:\WINDOWS\SYSTEM32\bcrypt.dll
0x00007ff814c30000 - 0x00007ff814c47000 	C:\WINDOWS\SYSTEM32\CRYPTSP.dll
0x00007ff8148c0000 - 0x00007ff8148f4000 	C:\WINDOWS\system32\rsaenh.dll
0x00007ff814a10000 - 0x00007ff814a2f000 	C:\WINDOWS\SYSTEM32\USERENV.dll
0x00007ff814d50000 - 0x00007ff814d5b000 	C:\WINDOWS\SYSTEM32\CRYPTBASE.dll
0x00007ff8118a0000 - 0x00007ff8118b6000 	C:\WINDOWS\SYSTEM32\dhcpcsvc6.DLL
0x00007ff811740000 - 0x00007ff81175a000 	C:\WINDOWS\SYSTEM32\dhcpcsvc.DLL
0x0000000070c20000 - 0x0000000070c44000 	C:\Program Files\Java\jdk1.8.0_101\jre\bin\sunec.dll
0x00007ff80b3d0000 - 0x00007ff80b55c000 	C:\WINDOWS\SYSTEM32\dbghelp.dll

VM Arguments:
jvm_args: -XX:TieredStopAtLevel=1 -Xverify:none -Dspring.output.ansi.enabled=always -Dcom.sun.management.jmxremote -Dcom.sun.management.jmxremote.port=11949 -Dcom.sun.management.jmxremote.authenticate=false -Dcom.sun.management.jmxremote.ssl=false -Dspring.liveBeansView.mbeanDomain -Dspring.application.admin.enabled=true -javaagent:G:\idea\ideaIU-2017.2.4.win\lib\idea_rt.jar=11950:G:\idea\ideaIU-2017.2.4.win\bin -Dfile.encoding=UTF-8 
java_command: com.yang.cloud.DeptProvider8003_App
java_class_path (initial): C:\Program Files\Java\jdk1.8.0_101\jre\lib\charsets.jar;C:\Program Files\Java\jdk1.8.0_101\jre\lib\deploy.jar;C:\Program Files\Java\jdk1.8.0_101\jre\lib\ext\access-bridge-64.jar;C:\Program Files\Java\jdk1.8.0_101\jre\lib\ext\cldrdata.jar;C:\Program Files\Java\jdk1.8.0_101\jre\lib\ext\dnsns.jar;C:\Program Files\Java\jdk1.8.0_101\jre\lib\ext\jaccess.jar;C:\Program Files\Java\jdk1.8.0_101\jre\lib\ext\jfxrt.jar;C:\Program Files\Java\jdk1.8.0_101\jre\lib\ext\localedata.jar;C:\Program Files\Java\jdk1.8.0_101\jre\lib\ext\nashorn.jar;C:\Program Files\Java\jdk1.8.0_101\jre\lib\ext\sunec.jar;C:\Program Files\Java\jdk1.8.0_101\jre\lib\ext\sunjce_provider.jar;C:\Program Files\Java\jdk1.8.0_101\jre\lib\ext\sunmscapi.jar;C:\Program Files\Java\jdk1.8.0_101\jre\lib\ext\sunpkcs11.jar;C:\Program Files\Java\jdk1.8.0_101\jre\lib\ext\zipfs.jar;C:\Program Files\Java\jdk1.8.0_101\jre\lib\javaws.jar;C:\Program Files\Java\jdk1.8.0_101\jre\lib\jce.jar;C:\Program Files\Java\jdk1.8.0_101\jre\lib\jfr.jar;C:\Program Files\Java\jdk1.8.0_101\jre\lib\jfxswt.jar;C:\Program Files\Java\jdk1.8.0_101\jre\lib\jsse.jar;C:\Program Files\Java\jdk1.8.0_101\jre\lib\management-agent.jar;C:\Program Files\Java\jdk1.8.0_101\jre\lib\plugin.jar;C:\Program Files\Java\jdk1.8.0_101\jre\lib\resources.jar;C:\Program Files\Java\jdk1.8.0_101\jre\lib\rt.jar;G:\ideaWorker\microservicecloud\microservicecloud-provider-dept-8003\target\classes;G:\dev\repository\mvn_repository\org\springframework\boot\spring-boot-starter-actuator\1.5.9.RELEASE\spring-boot-starter-actuator-1.5.9.RELEASE.jar;G:\dev\repository\mvn_repository\org\springframework\boot\spring-boot-starter\1.5.9.RELEASE\spring-boot-starter-1.5.9.RELEASE.jar;G:\dev\repository\mvn_repository\org\springframework\boot\spring-boot-starter-logging\1.5.9.RELEASE\spring-boot-starter-logging-1.5.9.RELEASE.jar;G:\dev\repository\mvn_repository\ch\qos\logback\logback-classic\1.1.11\logback-classic-1.1.11.jar;G:\dev\repository\mvn_repository\org\slf4j\
Launcher Type: SUN_STANDARD

Environment Variables:
JAVA_HOME=C:\Program Files\Java\jdk1.8.0_101
CLASSPATH=.;C:\Program Files\Java\jdk1.8.0_101\lib\dt.jar;C:\Program Files\Java\jdk1.8.0_101\lib\tools.jar;
PATH=C:\Program Files (x86)\Common Files\NetSarang;C:\app\Admin-LY\product\11.2.0\client_1\bin;F:\app\Admin\product\11.2.0\client_1;C:\ProgramData\Oracle\Java\javapath;C:\WINDOWS\system32;C:\WINDOWS;C:\WINDOWS\System32\Wbem;C:\WINDOWS\System32\WindowsPowerShell\v1.0\;C:\Program Files\Java\jdk1.8.0_101\bin;C:\Program Files (x86)\Windows Kits\8.1\Windows Performance Toolkit\;C:\Python27;C:\Python27\Scripts;E:\apache-maven-3.3.9\bin;C:\Users\Admin-LY\AppData\Roaming\npm;C:\Program Files\TortoiseGit\bin;C:\Program Files (x86)\Intel\OpenCL SDK\2.0\bin\x86;C:\Program Files (x86)\Intel\OpenCL SDK\2.0\bin\x64;C:\Program Files\nodejs\;E:\gradle-4.5.1\bin;C:\libsvm\windows;C:\libsvm\tools;G:\SVN\bin;C:\Program Files\Git\cmd;C:\Program Files (x86)\Intel\OpenCL SDK\2.0\bin\x86;C:\Program Files (x86)\Intel\OpenCL SDK\2.0\bin\x64;C:\Users\Admin-LY\AppData\Local\Programs\Python\Python37\Scripts\;C:\Users\Admin-LY\AppData\Local\Programs\Python\Python37\;C:\Users\Admin-LY\AppData\Local\Programs\Fiddler;C:\Users\Admin-LY\AppData\Roaming\npm;G:\docker;G:\QuickStart;C:\Users\Admin-LY\AppData\Local\BypassRuntm
USERNAME=Admin-LY
OS=Windows_NT
PROCESSOR_IDENTIFIER=Intel64 Family 6 Model 42 Stepping 7, GenuineIntel



---------------  S Y S T E M  ---------------

OS: Windows 10.0 , 64 bit Build 10586 (10.0.10586.589)

CPU:total 4 (4 cores per cpu, 1 threads per core) family 6 model 42 stepping 7, cmov, cx8, fxsr, mmx, sse, sse2, sse3, ssse3, sse4.1, sse4.2, popcnt, avx, aes, clmul, tsc, tscinvbit

Memory: 4k page, physical 8291208k(1103008k free), swap 10245000k(412k free)

vm_info: Java HotSpot(TM) 64-Bit Server VM (25.101-b13) for windows-amd64 JRE (1.8.0_101-b13), built on Jun 22 2016 01:21:29 by "java_re" with MS VC++ 10.0 (VS2010)

time: Fri Jul 05 17:08:19 2019
elapsed time: 83 seconds (0d 0h 1m 23s)

